<?xml version="1.0" encoding="UTF-8"?>
<!-- Generated by org.testng.reporters.JUnitXMLReporter -->
<testsuite hostname="HP-HP" ignored="0" name="Yahoo App Test" tests="1" failures="1" timestamp="28 Aug 2019 16:55:17 GMT" time="5.13" errors="0">
  <testcase name="feature" time="0.322" classname="cucumber.api.testng.AbstractTestNGCucumberTests">
    <failure type="cucumber.runtime.CucumberException" message="java.lang.NullPointerException">
      <![CDATA[cucumber.runtime.CucumberException: java.lang.NullPointerException
	at cucumber.api.testng.TestNGCucumberRunner.runCucumber(TestNGCucumberRunner.java:69)
	at cucumber.api.testng.AbstractTestNGCucumberTests.feature(AbstractTestNGCucumberTests.java:21)
Caused by: java.lang.NullPointerException
	at stepDefinitions.Myntra.navigate_to_myntra_site(Myntra.java:36)
	at ✽.Given Navigate to myntra site(E:/Mobile_testing/cucumber_framework/src/main/java/features/myntra.feature:5)
... Removed 25 stack frames]]>
    </failure>
  </testcase> <!-- feature -->
</testsuite> <!-- Yahoo App Test -->
